Started GET "/" for 127.0.0.1 at 2018-08-04 08:46:33 -0500
Processing by Rails::WelcomeController#index as HTML
  Rendering C:/RailsInstaller/Ruby2.3.3/lib/ruby/gems/2.3.0/gems/railties-5.1.6/lib/rails/templates/rails/welcome/index.html.erb
  Rendered C:/RailsInstaller/Ruby2.3.3/lib/ruby/gems/2.3.0/gems/railties-5.1.6/lib/rails/templates/rails/welcome/index.html.erb (4.0ms)
Completed 200 OK in 698ms (Views: 36.7ms)


  [1m[35m (75.0ms)[0m  [1m[35mCREATE TABLE "schema_migrations" ("version" character varying NOT NULL PRIMARY KEY)[0m
  [1m[35m (54.2ms)[0m  [1m[35mCREATE TABLE "ar_internal_metadata" ("key" character varying NOT NULL PRIMARY KEY, "value" character varying, "created_at" timestamp NOT NULL, "updated_at" timestamp NOT NULL)[0m
  [1m[35m (13.0ms)[0m  [1m[34mSELECT pg_try_advisory_lock(5802538080639457185)[0m
  [1m[35m (1.0ms)[0m  [1m[34mSELECT "schema_migrations"."version" FROM "schema_migrations" ORDER BY "schema_migrations"."version" ASC[0m
  [1m[36mActiveRecord::InternalMetadata Load (0.3ms)[0m  [1m[34mSELECT  "ar_internal_metadata".* FROM "ar_internal_metadata" WHERE "ar_internal_metadata"."key" = $1 LIMIT $2[0m  [["key", "environment"], ["LIMIT", 1]]
  [1m[35m (0.0ms)[0m  [1m[35mBEGIN[0m
  [1m[35mSQL (1.0ms)[0m  [1m[32mINSERT INTO "ar_internal_metadata" ("key", "value", "created_at", "updated_at") VALUES ($1, $2, $3, $4) RETURNING "key"[0m  [["key", "environment"], ["value", "development"], ["created_at", "2018-08-04 14:15:53.298819"], ["updated_at", "2018-08-04 14:15:53.298819"]]
  [1m[35m (4.0ms)[0m  [1m[35mCOMMIT[0m
  [1m[35m (0.0ms)[0m  [1m[34mSELECT pg_advisory_unlock(5802538080639457185)[0m
  [1m[35m (1.0ms)[0m  [1m[34mSELECT "schema_migrations"."version" FROM "schema_migrations" ORDER BY "schema_migrations"."version" ASC[0m
Started GET "/" for 127.0.0.1 at 2018-08-04 09:32:21 -0500
Processing by WelcomeController#index as HTML
  Rendering welcome/index.html.erb within layouts/application
  Rendered welcome/index.html.erb within layouts/application (1.0ms)
Completed 500 Internal Server Error in 2731ms


  
ActionView::Template::Error (TypeError: El objeto no acepta esta propiedad o método):
    4:     <title>Catalogo</title>
    5:     <%= csrf_meta_tags %>
    6: 
    7:     <%= stylesheet_link_tag    'application', media: 'all', 'data-turbolinks-track': 'reload' %>
    8:     <%= javascript_include_tag 'application', 'data-turbolinks-track': 'reload' %>
    9:   </head>
   10: 
  
app/views/layouts/application.html.erb:7:in `_app_views_layouts_application_html_erb__593342821_46964904'
Started GET "/" for 127.0.0.1 at 2018-08-04 09:42:11 -0500
Processing by Rails::WelcomeController#index as HTML
  Rendering C:/RailsInstaller/Ruby2.3.3/lib/ruby/gems/2.3.0/gems/railties-5.1.6/lib/rails/templates/rails/welcome/index.html.erb
  Rendered C:/RailsInstaller/Ruby2.3.3/lib/ruby/gems/2.3.0/gems/railties-5.1.6/lib/rails/templates/rails/welcome/index.html.erb (3.0ms)
Completed 200 OK in 62ms (Views: 34.2ms)


Started GET "/" for 127.0.0.1 at 2018-08-04 09:44:42 -0500
Processing by WelcomeController#index as HTML
  Rendering welcome/index.html.erb within layouts/application
  Rendered welcome/index.html.erb within layouts/application (0.0ms)
Completed 500 Internal Server Error in 80ms


  
ActionView::Template::Error (The asset "default.css" is not present in the asset pipeline.):
    4:     <title>Catalogo</title>
    5:     <%= csrf_meta_tags %>
    6: 
    7:     <%= stylesheet_link_tag    'default', media: 'all', 'data-turbolinks-track': 'reload' %>
    8:     <%= javascript_include_tag 'default', 'data-turbolinks-track': 'reload' %>
    9:   </head>
   10: 
  
app/views/layouts/application.html.erb:7:in `_app_views_layouts_application_html_erb__593342821_80751420'
Started GET "/" for 127.0.0.1 at 2018-08-04 09:48:34 -0500
Processing by Rails::WelcomeController#index as HTML
  Rendering C:/RailsInstaller/Ruby2.3.3/lib/ruby/gems/2.3.0/gems/railties-5.1.6/lib/rails/templates/rails/welcome/index.html.erb
  Rendered C:/RailsInstaller/Ruby2.3.3/lib/ruby/gems/2.3.0/gems/railties-5.1.6/lib/rails/templates/rails/welcome/index.html.erb (3.0ms)
Completed 200 OK in 62ms (Views: 34.4ms)


  [1m[35m (1.0ms)[0m  [1m[34mSELECT pg_try_advisory_lock(5802538080639457185)[0m
  [1m[35m (0.0ms)[0m  [1m[34mSELECT "schema_migrations"."version" FROM "schema_migrations" ORDER BY "schema_migrations"."version" ASC[0m
Migrating to CreateCategories (20180804145504)
  [1m[35m (0.0ms)[0m  [1m[35mBEGIN[0m
  [1m[35m (79.9ms)[0m  [1m[35mCREATE TABLE "categories" ("id" bigserial primary key, "nombre" character varying, "desc" character varying, "created_at" timestamp NOT NULL, "updated_at" timestamp NOT NULL)[0m
  [1m[35mSQL (1.0ms)[0m  [1m[32mINSERT INTO "schema_migrations" ("version") VALUES ($1) RETURNING "version"[0m  [["version", "20180804145504"]]
  [1m[35m (2.1ms)[0m  [1m[35mCOMMIT[0m
  [1m[36mActiveRecord::InternalMetadata Load (10.0ms)[0m  [1m[34mSELECT  "ar_internal_metadata".* FROM "ar_internal_metadata" WHERE "ar_internal_metadata"."key" = $1 LIMIT $2[0m  [["key", "environment"], ["LIMIT", 1]]
  [1m[35m (1.0ms)[0m  [1m[35mBEGIN[0m
  [1m[35m (1.0ms)[0m  [1m[35mCOMMIT[0m
  [1m[35m (1.0ms)[0m  [1m[34mSELECT pg_advisory_unlock(5802538080639457185)[0m
  [1m[35m (0.0ms)[0m  [1m[34mSELECT "schema_migrations"."version" FROM "schema_migrations" ORDER BY "schema_migrations"."version" ASC[0m
Started GET "/" for 127.0.0.1 at 2018-08-04 10:21:53 -0500
  [1m[35m (1.0ms)[0m  [1m[34mSELECT "schema_migrations"."version" FROM "schema_migrations" ORDER BY "schema_migrations"."version" ASC[0m
Processing by Rails::WelcomeController#index as HTML
  Rendering C:/RailsInstaller/Ruby2.3.3/lib/ruby/gems/2.3.0/gems/railties-5.1.6/lib/rails/templates/rails/welcome/index.html.erb
  Rendered C:/RailsInstaller/Ruby2.3.3/lib/ruby/gems/2.3.0/gems/railties-5.1.6/lib/rails/templates/rails/welcome/index.html.erb (3.0ms)
Completed 200 OK in 82ms (Views: 42.2ms | ActiveRecord: 0.0ms)


Started GET "/categories" for 127.0.0.1 at 2018-08-04 10:22:40 -0500
Processing by CategoriesController#index as HTML
  Rendering categories/index.html.erb within layouts/application
  [1m[36mCategory Load (0.0ms)[0m  [1m[34mSELECT "categories".* FROM "categories"[0m
  Rendered categories/index.html.erb within layouts/application (65.9ms)
Completed 500 Internal Server Error in 2098ms (ActiveRecord: 8.1ms)


  
ActionView::Template::Error (TypeError: El objeto no acepta esta propiedad o método):
    4:     <title>Catalogo</title>
    5:     <%= csrf_meta_tags %>
    6: 
    7:     <%= stylesheet_link_tag    'application', media: 'all', 'data-turbolinks-track': 'reload' %>
    8:     <%= javascript_include_tag 'application', 'data-turbolinks-track': 'reload' %>
    9:   </head>
   10: 
  
app/views/layouts/application.html.erb:7:in `_app_views_layouts_application_html_erb__19615676_41732604'
Started GET "/categories" for 127.0.0.1 at 2018-08-04 10:36:56 -0500
Processing by CategoriesController#index as HTML
  Rendering categories/index.html.erb within layouts/application
  [1m[36mCategory Load (0.0ms)[0m  [1m[34mSELECT "categories".* FROM "categories"[0m
  Rendered categories/index.html.erb within layouts/application (3.8ms)
Completed 200 OK in 70ms (Views: 48.6ms | ActiveRecord: 0.0ms)


Started GET "/categories/new" for 127.0.0.1 at 2018-08-04 10:37:36 -0500
Processing by CategoriesController#new as HTML
  Rendering categories/new.html.erb within layouts/application
  Rendered categories/_form.html.erb (75.5ms)
  Rendered categories/new.html.erb within layouts/application (89.3ms)
Completed 200 OK in 161ms (Views: 133.6ms | ActiveRecord: 6.0ms)


Started GET "/categories" for 127.0.0.1 at 2018-08-04 10:37:40 -0500
Processing by CategoriesController#index as HTML
  Rendering categories/index.html.erb within layouts/application
  [1m[36mCategory Load (1.0ms)[0m  [1m[34mSELECT "categories".* FROM "categories"[0m
  Rendered categories/index.html.erb within layouts/application (3.0ms)
Completed 200 OK in 68ms (Views: 47.1ms | ActiveRecord: 1.0ms)


Started GET "/categories/new" for 127.0.0.1 at 2018-08-04 10:41:17 -0500
Processing by CategoriesController#new as HTML
  Rendering categories/new.html.erb within layouts/application
  Rendered categories/_form.html.erb (2.0ms)
  Rendered categories/new.html.erb within layouts/application (19.0ms)
Completed 200 OK in 85ms (Views: 67.9ms | ActiveRecord: 0.0ms)


Started POST "/categories" for 127.0.0.1 at 2018-08-04 10:41:31 -0500
Processing by CategoriesController#create as HTML
  Parameters: {"utf8"=>"✓", "authenticity_token"=>"puUW7HrSrFdwlpCGDwjtHl5ZThCU1tA6HKasxJPE+LtqRix8CWe3LG5HVOkssxALvGY47eJlXVex0TvRVOq0pA==", "category"=>{"nombre"=>"Prueba", "desc"=>"desc"}, "commit"=>"Create Category"}
  [1m[35m (0.0ms)[0m  [1m[35mBEGIN[0m
  [1m[35mSQL (1.0ms)[0m  [1m[32mINSERT INTO "categories" ("nombre", "desc", "created_at", "updated_at") VALUES ($1, $2, $3, $4) RETURNING "id"[0m  [["nombre", "Prueba"], ["desc", "desc"], ["created_at", "2018-08-04 15:41:31.699466"], ["updated_at", "2018-08-04 15:41:31.699466"]]
  [1m[35m (7.0ms)[0m  [1m[35mCOMMIT[0m
Redirected to http://localhost:3000/categories/1
Completed 302 Found in 16ms (ActiveRecord: 8.0ms)


Started GET "/categories/1" for 127.0.0.1 at 2018-08-04 10:41:31 -0500
Processing by CategoriesController#show as HTML
  Parameters: {"id"=>"1"}
  [1m[36mCategory Load (1.0ms)[0m  [1m[34mSELECT  "categories".* FROM "categories" WHERE "categories"."id" = $1 LIMIT $2[0m  [["id", 1], ["LIMIT", 1]]
  Rendering categories/show.html.erb within layouts/application
  Rendered categories/show.html.erb within layouts/application (1.0ms)
Completed 200 OK in 85ms (Views: 49.9ms | ActiveRecord: 1.0ms)


Started GET "/categories" for 127.0.0.1 at 2018-08-04 10:41:41 -0500
Processing by CategoriesController#index as HTML
  Rendering categories/index.html.erb within layouts/application
  [1m[36mCategory Load (1.0ms)[0m  [1m[34mSELECT "categories".* FROM "categories"[0m
  Rendered categories/index.html.erb within layouts/application (4.0ms)
Completed 200 OK in 66ms (Views: 47.2ms | ActiveRecord: 1.0ms)


Started GET "/categories/new" for 127.0.0.1 at 2018-08-04 10:46:05 -0500
Processing by CategoriesController#new as HTML
  Rendering categories/new.html.erb within layouts/application
  Rendered categories/_form.html.erb (2.0ms)
  Rendered categories/new.html.erb within layouts/application (17.9ms)
Completed 200 OK in 85ms (Views: 65.0ms | ActiveRecord: 0.0ms)


Started POST "/categories" for 127.0.0.1 at 2018-08-04 10:46:18 -0500
Processing by CategoriesController#create as HTML
  Parameters: {"utf8"=>"✓", "authenticity_token"=>"soONqtHiOGrrQbfqW60nUSvHJ1lY6riWG1/RKYaZLBJ+ILc6olcjEfWQc4V4FtpEyfhRpC5ZNfu2KEY8QbdgDQ==", "category"=>{"nombre"=>"otra", "desc"=>"desc2"}, "commit"=>"Create Category"}
  [1m[35m (0.0ms)[0m  [1m[35mBEGIN[0m
  [1m[35mSQL (0.0ms)[0m  [1m[32mINSERT INTO "categories" ("nombre", "desc", "created_at", "updated_at") VALUES ($1, $2, $3, $4) RETURNING "id"[0m  [["nombre", "otra"], ["desc", "desc2"], ["created_at", "2018-08-04 15:46:18.451700"], ["updated_at", "2018-08-04 15:46:18.451700"]]
  [1m[35m (2.0ms)[0m  [1m[35mCOMMIT[0m
Redirected to http://localhost:3000/categories/2
Completed 302 Found in 9ms (ActiveRecord: 2.0ms)


Started GET "/categories/2" for 127.0.0.1 at 2018-08-04 10:46:18 -0500
Processing by CategoriesController#show as HTML
  Parameters: {"id"=>"2"}
  [1m[36mCategory Load (1.0ms)[0m  [1m[34mSELECT  "categories".* FROM "categories" WHERE "categories"."id" = $1 LIMIT $2[0m  [["id", 2], ["LIMIT", 1]]
  Rendering categories/show.html.erb within layouts/application
  Rendered categories/show.html.erb within layouts/application (1.0ms)
Completed 200 OK in 73ms (Views: 51.8ms | ActiveRecord: 1.0ms)


Started GET "/categories/2" for 127.0.0.1 at 2018-08-04 10:50:51 -0500
Processing by CategoriesController#show as HTML
  Parameters: {"id"=>"2"}
  [1m[36mCategory Load (1.0ms)[0m  [1m[34mSELECT  "categories".* FROM "categories" WHERE "categories"."id" = $1 LIMIT $2[0m  [["id", 2], ["LIMIT", 1]]
  Rendering categories/show.html.erb within layouts/application
  Rendered categories/show.html.erb within layouts/application (1.0ms)
Completed 200 OK in 62ms (Views: 42.7ms | ActiveRecord: 1.0ms)


Started GET "/categories" for 127.0.0.1 at 2018-08-04 10:50:53 -0500
Processing by CategoriesController#index as HTML
  Rendering categories/index.html.erb within layouts/application
  [1m[36mCategory Load (1.0ms)[0m  [1m[34mSELECT "categories".* FROM "categories"[0m
  Rendered categories/index.html.erb within layouts/application (4.0ms)
Completed 200 OK in 69ms (Views: 48.9ms | ActiveRecord: 1.0ms)


Started GET "/categories" for 127.0.0.1 at 2018-08-04 10:51:34 -0500
Processing by CategoriesController#index as HTML
  Rendering categories/index.html.erb within layouts/application
  [1m[36mCategory Load (1.0ms)[0m  [1m[34mSELECT "categories".* FROM "categories"[0m
  Rendered categories/index.html.erb within layouts/application (5.0ms)
Completed 200 OK in 66ms (Views: 48.3ms | ActiveRecord: 1.0ms)


Started GET "/categories" for 127.0.0.1 at 2018-08-04 10:52:25 -0500
Processing by CategoriesController#index as HTML
  Rendering categories/index.html.erb within layouts/application
  [1m[36mCategory Load (0.0ms)[0m  [1m[34mSELECT "categories".* FROM "categories"[0m
  Rendered categories/index.html.erb within layouts/application (3.0ms)
Completed 200 OK in 78ms (Views: 58.2ms | ActiveRecord: 0.0ms)


Started GET "/categories" for 127.0.0.1 at 2018-08-04 10:52:41 -0500
Processing by CategoriesController#index as HTML
  Rendering categories/index.html.erb within layouts/application
  [1m[36mCategory Load (1.0ms)[0m  [1m[34mSELECT "categories".* FROM "categories"[0m
  Rendered categories/index.html.erb within layouts/application (5.0ms)
Completed 200 OK in 78ms (Views: 60.5ms | ActiveRecord: 1.0ms)


Started GET "/categories/1" for 127.0.0.1 at 2018-08-04 10:53:02 -0500
Processing by CategoriesController#show as HTML
  Parameters: {"id"=>"1"}
  [1m[36mCategory Load (0.0ms)[0m  [1m[34mSELECT  "categories".* FROM "categories" WHERE "categories"."id" = $1 LIMIT $2[0m  [["id", 1], ["LIMIT", 1]]
  Rendering categories/show.html.erb within layouts/application
  Rendered categories/show.html.erb within layouts/application (1.0ms)
Completed 200 OK in 64ms (Views: 44.7ms | ActiveRecord: 0.0ms)


Started GET "/categories" for 127.0.0.1 at 2018-08-04 10:58:14 -0500
  [1m[35m (1.0ms)[0m  [1m[34mSELECT "schema_migrations"."version" FROM "schema_migrations" ORDER BY "schema_migrations"."version" ASC[0m
  
ActiveRecord::PendingMigrationError (

Migrations are pending. To resolve this issue, run:

        bin/rails db:migrate RAILS_ENV=development

):
  
activerecord (5.1.6) lib/active_record/migration.rb:576:in `check_pending!'
activerecord (5.1.6) lib/active_record/migration.rb:553:in `call'
actionpack (5.1.6) lib/action_dispatch/middleware/callbacks.rb:26:in `block in call'
activesupport (5.1.6) lib/active_support/callbacks.rb:97:in `run_callbacks'
actionpack (5.1.6) lib/action_dispatch/middleware/callbacks.rb:24:in `call'
actionpack (5.1.6) lib/action_dispatch/middleware/executor.rb:12:in `call'
actionpack (5.1.6) lib/action_dispatch/middleware/debug_exceptions.rb:59:in `call'
web-console (3.6.2) lib/web_console/middleware.rb:135:in `call_app'
web-console (3.6.2) lib/web_console/middleware.rb:30:in `block in call'
web-console (3.6.2) lib/web_console/middleware.rb:20:in `catch'
web-console (3.6.2) lib/web_console/middleware.rb:20:in `call'
actionpack (5.1.6) lib/action_dispatch/middleware/show_exceptions.rb:31:in `call'
railties (5.1.6) lib/rails/rack/logger.rb:36:in `call_app'
railties (5.1.6) lib/rails/rack/logger.rb:24:in `block in call'
activesupport (5.1.6) lib/active_support/tagged_logging.rb:69:in `block in tagged'
activesupport (5.1.6) lib/active_support/tagged_logging.rb:26:in `tagged'
activesupport (5.1.6) lib/active_support/tagged_logging.rb:69:in `tagged'
railties (5.1.6) lib/rails/rack/logger.rb:24:in `call'
sprockets-rails (3.2.1) lib/sprockets/rails/quiet_assets.rb:13:in `call'
actionpack (5.1.6) lib/action_dispatch/middleware/remote_ip.rb:79:in `call'
actionpack (5.1.6) lib/action_dispatch/middleware/request_id.rb:25:in `call'
rack (2.0.5) lib/rack/method_override.rb:22:in `call'
rack (2.0.5) lib/rack/runtime.rb:22:in `call'
activesupport (5.1.6) lib/active_support/cache/strategy/local_cache_middleware.rb:27:in `call'
actionpack (5.1.6) lib/action_dispatch/middleware/executor.rb:12:in `call'
actionpack (5.1.6) lib/action_dispatch/middleware/static.rb:125:in `call'
rack (2.0.5) lib/rack/sendfile.rb:111:in `call'
railties (5.1.6) lib/rails/engine.rb:522:in `call'
puma (3.12.0) lib/puma/configuration.rb:225:in `call'
puma (3.12.0) lib/puma/server.rb:658:in `handle_request'
puma (3.12.0) lib/puma/server.rb:472:in `process_client'
puma (3.12.0) lib/puma/server.rb:332:in `block in run'
puma (3.12.0) lib/puma/thread_pool.rb:133:in `block in spawn_thread'
  [1m[35m (1.0ms)[0m  [1m[34mSELECT pg_try_advisory_lock(5802538080639457185)[0m
  [1m[35m (0.0ms)[0m  [1m[34mSELECT "schema_migrations"."version" FROM "schema_migrations" ORDER BY "schema_migrations"."version" ASC[0m
Migrating to CreateProducts (20180804155739)
  [1m[35m (1.0ms)[0m  [1m[35mBEGIN[0m
  [1m[35m (50.1ms)[0m  [1m[35mCREATE TABLE "products" ("id" bigserial primary key, "nombre" character varying, "desc" character varying, "category_id" bigint, "created_at" timestamp NOT NULL, "updated_at" timestamp NOT NULL, CONSTRAINT "fk_rails_fb915499a4"
FOREIGN KEY ("category_id")
  REFERENCES "categories" ("id")
)[0m
  [1m[35m (23.0ms)[0m  [1m[35mCREATE  INDEX  "index_products_on_category_id" ON "products"  ("category_id")[0m
  [1m[35mSQL (0.0ms)[0m  [1m[32mINSERT INTO "schema_migrations" ("version") VALUES ($1) RETURNING "version"[0m  [["version", "20180804155739"]]
  [1m[35m (1.0ms)[0m  [1m[35mCOMMIT[0m
  [1m[36mActiveRecord::InternalMetadata Load (0.0ms)[0m  [1m[34mSELECT  "ar_internal_metadata".* FROM "ar_internal_metadata" WHERE "ar_internal_metadata"."key" = $1 LIMIT $2[0m  [["key", "environment"], ["LIMIT", 1]]
  [1m[35m (0.0ms)[0m  [1m[35mBEGIN[0m
  [1m[35m (1.0ms)[0m  [1m[35mCOMMIT[0m
  [1m[35m (0.0ms)[0m  [1m[34mSELECT pg_advisory_unlock(5802538080639457185)[0m
  [1m[35m (0.0ms)[0m  [1m[34mSELECT "schema_migrations"."version" FROM "schema_migrations" ORDER BY "schema_migrations"."version" ASC[0m
Started GET "/categories" for 127.0.0.1 at 2018-08-04 10:59:10 -0500
  [1m[35m (1.0ms)[0m  [1m[34mSELECT "schema_migrations"."version" FROM "schema_migrations" ORDER BY "schema_migrations"."version" ASC[0m
Processing by CategoriesController#index as HTML
  Rendering categories/index.html.erb within layouts/application
  [1m[36mCategory Load (1.0ms)[0m  [1m[34mSELECT "categories".* FROM "categories"[0m
  Rendered categories/index.html.erb within layouts/application (16.7ms)
Completed 200 OK in 91ms (Views: 60.1ms | ActiveRecord: 3.0ms)


Started GET "/products" for 127.0.0.1 at 2018-08-04 11:00:00 -0500
Processing by ProductsController#index as HTML
  Rendering products/index.html.erb within layouts/application
  [1m[36mProduct Load (2.0ms)[0m  [1m[34mSELECT "products".* FROM "products"[0m
  Rendered products/index.html.erb within layouts/application (58.8ms)
Completed 200 OK in 142ms (Views: 94.7ms | ActiveRecord: 9.0ms)


Started GET "/products/new" for 127.0.0.1 at 2018-08-04 11:00:49 -0500
Processing by ProductsController#new as HTML
  Rendering products/new.html.erb within layouts/application
  Rendered products/_form.html.erb (26.0ms)
  Rendered products/new.html.erb within layouts/application (42.2ms)
Completed 200 OK in 106ms (Views: 81.3ms | ActiveRecord: 4.0ms)


Started POST "/products" for 127.0.0.1 at 2018-08-04 11:01:06 -0500
Processing by ProductsController#create as HTML
  Parameters: {"utf8"=>"✓", "authenticity_token"=>"zUvL0Za8eamRbYdCic66Tf/8p6DZRgByc0kWmZRun/wDTSBzgGL3mHLE8dtYCwp51EVYcpMq0aLKmVD+0aHccw==", "product"=>{"nombre"=>"gaseosa", "desc"=>"gasificada", "category_id"=>"bebidas"}, "commit"=>"Create Product"}
  [1m[35m (0.0ms)[0m  [1m[35mBEGIN[0m
  [1m[36mCategory Load (0.0ms)[0m  [1m[34mSELECT  "categories".* FROM "categories" WHERE "categories"."id" = $1 LIMIT $2[0m  [["id", 0], ["LIMIT", 1]]
  [1m[35m (0.8ms)[0m  [1m[31mROLLBACK[0m
  Rendering products/new.html.erb within layouts/application
  Rendered products/_form.html.erb (2.0ms)
  Rendered products/new.html.erb within layouts/application (18.5ms)
Completed 200 OK in 132ms (Views: 59.7ms | ActiveRecord: 0.8ms)


Started GET "/categories" for 127.0.0.1 at 2018-08-04 11:01:33 -0500
Processing by CategoriesController#index as HTML
  Rendering categories/index.html.erb within layouts/application
  [1m[36mCategory Load (1.0ms)[0m  [1m[34mSELECT "categories".* FROM "categories"[0m
  Rendered categories/index.html.erb within layouts/application (4.0ms)
Completed 200 OK in 66ms (Views: 46.7ms | ActiveRecord: 1.0ms)


Started GET "/categories/new" for 127.0.0.1 at 2018-08-04 11:01:37 -0500
Processing by CategoriesController#new as HTML
  Rendering categories/new.html.erb within layouts/application
  Rendered categories/_form.html.erb (1.0ms)
  Rendered categories/new.html.erb within layouts/application (17.0ms)
Completed 200 OK in 80ms (Views: 60.6ms | ActiveRecord: 0.0ms)


Started POST "/categories" for 127.0.0.1 at 2018-08-04 11:01:49 -0500
Processing by CategoriesController#create as HTML
  Parameters: {"utf8"=>"✓", "authenticity_token"=>"Z4JilBQQbc0QT27jQrGM+Pum8EiPy3eYmAM0JDvVolOrIVgEZ6V2tg6eqoxhCnHtGZmGtfl4+vU1dKMx/PvuTA==", "category"=>{"nombre"=>"bebidas", "desc"=>"gasificadas"}, "commit"=>"Create Category"}
  [1m[35m (0.0ms)[0m  [1m[35mBEGIN[0m
  [1m[35mSQL (1.0ms)[0m  [1m[32mINSERT INTO "categories" ("nombre", "desc", "created_at", "updated_at") VALUES ($1, $2, $3, $4) RETURNING "id"[0m  [["nombre", "bebidas"], ["desc", "gasificadas"], ["created_at", "2018-08-04 16:01:49.210767"], ["updated_at", "2018-08-04 16:01:49.210767"]]
  [1m[35m (3.0ms)[0m  [1m[35mCOMMIT[0m
Redirected to http://localhost:3000/categories/3
Completed 302 Found in 11ms (ActiveRecord: 4.0ms)


Started GET "/categories/3" for 127.0.0.1 at 2018-08-04 11:01:49 -0500
Processing by CategoriesController#show as HTML
  Parameters: {"id"=>"3"}
  [1m[36mCategory Load (0.0ms)[0m  [1m[34mSELECT  "categories".* FROM "categories" WHERE "categories"."id" = $1 LIMIT $2[0m  [["id", 3], ["LIMIT", 1]]
  Rendering categories/show.html.erb within layouts/application
  Rendered categories/show.html.erb within layouts/application (1.0ms)
Completed 200 OK in 65ms (Views: 48.2ms | ActiveRecord: 0.0ms)


Started GET "/categories" for 127.0.0.1 at 2018-08-04 11:01:52 -0500
Processing by CategoriesController#index as HTML
  Rendering categories/index.html.erb within layouts/application
  [1m[36mCategory Load (0.0ms)[0m  [1m[34mSELECT "categories".* FROM "categories"[0m
  Rendered categories/index.html.erb within layouts/application (3.0ms)
Completed 200 OK in 66ms (Views: 47.4ms | ActiveRecord: 0.0ms)


Started GET "/products" for 127.0.0.1 at 2018-08-04 11:02:01 -0500
Processing by ProductsController#index as HTML
  Rendering products/index.html.erb within layouts/application
  [1m[36mProduct Load (1.0ms)[0m  [1m[34mSELECT "products".* FROM "products"[0m
  Rendered products/index.html.erb within layouts/application (3.0ms)
Completed 200 OK in 88ms (Views: 51.1ms | ActiveRecord: 1.0ms)


Started GET "/products/new" for 127.0.0.1 at 2018-08-04 11:02:03 -0500
Processing by ProductsController#new as HTML
  Rendering products/new.html.erb within layouts/application
  Rendered products/_form.html.erb (2.0ms)
  Rendered products/new.html.erb within layouts/application (16.0ms)
Completed 200 OK in 73ms (Views: 57.8ms | ActiveRecord: 0.0ms)


Started POST "/products" for 127.0.0.1 at 2018-08-04 11:02:16 -0500
Processing by ProductsController#create as HTML
  Parameters: {"utf8"=>"✓", "authenticity_token"=>"Tbk+yu1WxnoljIxBc6i+w64eZf7I11ilYdoyp5WTOEGDv9Vo+4hIS8Yl+tiibQ73haeaLIK7iXXYCnTA0Fx7zg==", "product"=>{"nombre"=>"sprite", "desc"=>"gasificada", "category_id"=>"bebidas"}, "commit"=>"Create Product"}
  [1m[35m (0.4ms)[0m  [1m[35mBEGIN[0m
  [1m[36mCategory Load (1.0ms)[0m  [1m[34mSELECT  "categories".* FROM "categories" WHERE "categories"."id" = $1 LIMIT $2[0m  [["id", 0], ["LIMIT", 1]]
  [1m[35m (0.0ms)[0m  [1m[31mROLLBACK[0m
  Rendering products/new.html.erb within layouts/application
  Rendered products/_form.html.erb (4.0ms)
  Rendered products/new.html.erb within layouts/application (19.0ms)
Completed 200 OK in 72ms (Views: 66.0ms | ActiveRecord: 1.4ms)


Started POST "/products" for 127.0.0.1 at 2018-08-04 11:03:17 -0500
Processing by ProductsController#create as HTML
  Parameters: {"utf8"=>"✓", "authenticity_token"=>"YNQZsnaiiVZFKth/RHv1wA9iu4EBvIVLznWFzwb7xZKu0vIQYHwHZ6aDruaVvkX0JNtEU0vQVJt3pcOoQzSGHQ==", "product"=>{"nombre"=>"sprite", "desc"=>"gasificada", "category_id"=>"0"}, "commit"=>"Create Product"}
  [1m[35m (0.0ms)[0m  [1m[35mBEGIN[0m
  [1m[36mCategory Load (0.0ms)[0m  [1m[34mSELECT  "categories".* FROM "categories" WHERE "categories"."id" = $1 LIMIT $2[0m  [["id", 0], ["LIMIT", 1]]
  [1m[35m (0.0ms)[0m  [1m[31mROLLBACK[0m
  Rendering products/new.html.erb within layouts/application
  Rendered products/_form.html.erb (5.0ms)
  Rendered products/new.html.erb within layouts/application (19.9ms)
Completed 200 OK in 75ms (Views: 68.3ms | ActiveRecord: 0.0ms)


Started POST "/products" for 127.0.0.1 at 2018-08-04 11:03:18 -0500
Processing by ProductsController#create as HTML
  Parameters: {"utf8"=>"✓", "authenticity_token"=>"tH2fr9+dylrG/NmSRDs33a9QdYpPfWlOOsh4z07KYkR6e3QNyUNEayVVrwuV/ofphOmKWAURuJ6DGD6oCwUhyw==", "product"=>{"nombre"=>"sprite", "desc"=>"gasificada", "category_id"=>"0"}, "commit"=>"Create Product"}
  [1m[35m (0.0ms)[0m  [1m[35mBEGIN[0m
  [1m[36mCategory Load (0.0ms)[0m  [1m[34mSELECT  "categories".* FROM "categories" WHERE "categories"."id" = $1 LIMIT $2[0m  [["id", 0], ["LIMIT", 1]]
  [1m[35m (0.0ms)[0m  [1m[31mROLLBACK[0m
  Rendering products/new.html.erb within layouts/application
  Rendered products/_form.html.erb (3.0ms)
  Rendered products/new.html.erb within layouts/application (15.9ms)
Completed 200 OK in 71ms (Views: 62.2ms | ActiveRecord: 0.0ms)


Started POST "/products" for 127.0.0.1 at 2018-08-04 11:03:24 -0500
Processing by ProductsController#create as HTML
  Parameters: {"utf8"=>"✓", "authenticity_token"=>"0twqtIKcQY1lUOhSRLxcdn0fnX4EnB4dX4G3u3IPl2Ic2sEWlELPvIb5nsuVeexCVqZirE7wz83mUfHcN8DU7Q==", "product"=>{"nombre"=>"sprite", "desc"=>"gasificada", "category_id"=>"1"}, "commit"=>"Create Product"}
  [1m[35m (0.0ms)[0m  [1m[35mBEGIN[0m
  [1m[36mCategory Load (0.0ms)[0m  [1m[34mSELECT  "categories".* FROM "categories" WHERE "categories"."id" = $1 LIMIT $2[0m  [["id", 1], ["LIMIT", 1]]
  [1m[35mSQL (24.9ms)[0m  [1m[32mINSERT INTO "products" ("nombre", "desc", "category_id", "created_at", "updated_at") VALUES ($1, $2, $3, $4, $5) RETURNING "id"[0m  [["nombre", "sprite"], ["desc", "gasificada"], ["category_id", 1], ["created_at", "2018-08-04 16:03:24.227506"], ["updated_at", "2018-08-04 16:03:24.227506"]]
  [1m[35m (17.0ms)[0m  [1m[35mCOMMIT[0m
Redirected to http://localhost:3000/products/1
Completed 302 Found in 55ms (ActiveRecord: 41.9ms)


Started GET "/products/1" for 127.0.0.1 at 2018-08-04 11:03:24 -0500
Processing by ProductsController#show as HTML
  Parameters: {"id"=>"1"}
  [1m[36mProduct Load (1.0ms)[0m  [1m[34mSELECT  "products".* FROM "products" WHERE "products"."id" = $1 LIMIT $2[0m  [["id", 1], ["LIMIT", 1]]
  Rendering products/show.html.erb within layouts/application
  [1m[36mCategory Load (1.0ms)[0m  [1m[34mSELECT  "categories".* FROM "categories" WHERE "categories"."id" = $1 LIMIT $2[0m  [["id", 1], ["LIMIT", 1]]
  Rendered products/show.html.erb within layouts/application (3.0ms)
Completed 200 OK in 63ms (Views: 42.0ms | ActiveRecord: 2.0ms)


Started GET "/products/1/edit" for 127.0.0.1 at 2018-08-04 11:03:30 -0500
Processing by ProductsController#edit as HTML
  Parameters: {"id"=>"1"}
  [1m[36mProduct Load (0.0ms)[0m  [1m[34mSELECT  "products".* FROM "products" WHERE "products"."id" = $1 LIMIT $2[0m  [["id", 1], ["LIMIT", 1]]
  Rendering products/edit.html.erb within layouts/application
  Rendered products/_form.html.erb (3.0ms)
  Rendered products/edit.html.erb within layouts/application (17.0ms)
Completed 200 OK in 81ms (Views: 60.9ms | ActiveRecord: 0.0ms)


Started GET "/products" for 127.0.0.1 at 2018-08-04 11:04:21 -0500
Processing by ProductsController#index as HTML
  Rendering products/index.html.erb within layouts/application
  [1m[36mProduct Load (0.0ms)[0m  [1m[34mSELECT "products".* FROM "products"[0m
  [1m[36mCategory Load (0.0ms)[0m  [1m[34mSELECT  "categories".* FROM "categories" WHERE "categories"."id" = $1 LIMIT $2[0m  [["id", 1], ["LIMIT", 1]]
  Rendered products/index.html.erb within layouts/application (5.0ms)
Completed 200 OK in 69ms (Views: 52.4ms | ActiveRecord: 0.0ms)


Started GET "/products/new" for 127.0.0.1 at 2018-08-04 11:04:32 -0500
Processing by ProductsController#new as HTML
  Rendering products/new.html.erb within layouts/application
  Rendered products/_form.html.erb (3.0ms)
  Rendered products/new.html.erb within layouts/application (18.0ms)
Completed 200 OK in 77ms (Views: 62.6ms | ActiveRecord: 0.0ms)


Started GET "/products/new" for 127.0.0.1 at 2018-08-04 11:10:32 -0500
Processing by ProductsController#new as HTML
  Rendering products/new.html.erb within layouts/application
  Rendered products/_form.html.erb (20.9ms)
  Rendered products/new.html.erb within layouts/application (35.9ms)
Completed 500 Internal Server Error in 103ms (ActiveRecord: 0.0ms)


  
ActionView::Template::Error (wrong number of arguments (given 2, expected 4..6)):
    23: 
    24:   <div class="field">
    25:     <%= form.label :category_id %>
    26:     <%= form.collection_select :category_id, id: :product_category_id %>
    27:   </div>
    28: 
    29:   <div class="actions">
  
app/views/products/_form.html.erb:26:in `block in _app_views_products__form_html_erb___652858729_55972404'
app/views/products/_form.html.erb:1:in `_app_views_products__form_html_erb___652858729_55972404'
app/views/products/new.html.erb:3:in `_app_views_products_new_html_erb___882448043_25635000'
Started GET "/products/new" for 127.0.0.1 at 2018-08-04 11:18:45 -0500
Processing by ProductsController#new as HTML
  Rendering products/new.html.erb within layouts/application
  Rendered products/_form.html.erb (18.9ms)
  Rendered products/new.html.erb within layouts/application (36.9ms)
Completed 500 Internal Server Error in 106ms (ActiveRecord: 0.0ms)


  
ActionView::Template::Error (wrong number of arguments (given 3, expected 4..6)):
    23: 
    24:   <div class="field">
    25:     <%= form.label :category_id %>
    26:     <%= form.collection_select :category_id, Category.all, id: :product_category_id %>
    27:   </div>
    28: 
    29:   <div class="actions">
  
app/views/products/_form.html.erb:26:in `block in _app_views_products__form_html_erb___652858729_80465892'
app/views/products/_form.html.erb:1:in `_app_views_products__form_html_erb___652858729_80465892'
app/views/products/new.html.erb:3:in `_app_views_products_new_html_erb___882448043_80315244'
Started GET "/products/new" for 127.0.0.1 at 2018-08-04 11:19:29 -0500
Processing by ProductsController#new as HTML
  Rendering products/new.html.erb within layouts/application
  Rendered products/_form.html.erb (1.0ms)
  Rendered products/new.html.erb within layouts/application (16.0ms)
Completed 500 Internal Server Error in 78ms (ActiveRecord: 0.0ms)


  
SyntaxError (C:/Users/sala402/catalogo/app/views/products/_form.html.erb:26: syntax error, unexpected ':', expecting ')'
...ategory_id, Category.all, :id :nombre );@output_buffer.safe_...
...                               ^):
  
app/views/products/_form.html.erb:26: syntax error, unexpected ':', expecting ')'
app/views/products/new.html.erb:3:in `_app_views_products_new_html_erb___882448043_86304792'
Started GET "/products/new" for 127.0.0.1 at 2018-08-04 11:19:45 -0500
Processing by ProductsController#new as HTML
  Rendering products/new.html.erb within layouts/application
  [1m[36mCategory Load (1.0ms)[0m  [1m[34mSELECT "categories".* FROM "categories"[0m
  Rendered products/_form.html.erb (15.8ms)
  Rendered products/new.html.erb within layouts/application (31.0ms)
Completed 200 OK in 97ms (Views: 72.9ms | ActiveRecord: 1.0ms)


Started POST "/products" for 127.0.0.1 at 2018-08-04 11:27:35 -0500
Processing by ProductsController#create as HTML
  Parameters: {"utf8"=>"✓", "authenticity_token"=>"25xfCTdn/oPNIk8rGjrxNeojs+2MfEJg/SUUtJGdaEIVmrSrIblwsi6LObLL/0EBwZpMP8YQk7BE9VLT1FIrzQ==", "product"=>{"nombre"=>"Pan", "desc"=>"De maiz", "category_id"=>"1"}, "commit"=>"Create Product"}
  [1m[35m (0.5ms)[0m  [1m[35mBEGIN[0m
  [1m[36mCategory Load (1.0ms)[0m  [1m[34mSELECT  "categories".* FROM "categories" WHERE "categories"."id" = $1 LIMIT $2[0m  [["id", 1], ["LIMIT", 1]]
  [1m[35mSQL (1.0ms)[0m  [1m[32mINSERT INTO "products" ("nombre", "desc", "category_id", "created_at", "updated_at") VALUES ($1, $2, $3, $4, $5) RETURNING "id"[0m  [["nombre", "Pan"], ["desc", "De maiz"], ["category_id", 1], ["created_at", "2018-08-04 16:27:35.500978"], ["updated_at", "2018-08-04 16:27:35.500978"]]
  [1m[35m (0.0ms)[0m  [1m[35mCOMMIT[0m
Redirected to http://localhost:3000/products/2
Completed 302 Found in 11ms (ActiveRecord: 2.5ms)


Started GET "/products/2" for 127.0.0.1 at 2018-08-04 11:27:35 -0500
Processing by ProductsController#show as HTML
  Parameters: {"id"=>"2"}
  [1m[36mProduct Load (1.0ms)[0m  [1m[34mSELECT  "products".* FROM "products" WHERE "products"."id" = $1 LIMIT $2[0m  [["id", 2], ["LIMIT", 1]]
  Rendering products/show.html.erb within layouts/application
  [1m[36mCategory Load (1.0ms)[0m  [1m[34mSELECT  "categories".* FROM "categories" WHERE "categories"."id" = $1 LIMIT $2[0m  [["id", 1], ["LIMIT", 1]]
  Rendered products/show.html.erb within layouts/application (5.0ms)
Completed 200 OK in 67ms (Views: 47.4ms | ActiveRecord: 2.0ms)


Started GET "/products" for 127.0.0.1 at 2018-08-04 11:30:01 -0500
Processing by ProductsController#index as HTML
  Rendering products/index.html.erb within layouts/application
  [1m[36mProduct Load (0.0ms)[0m  [1m[34mSELECT "products".* FROM "products"[0m
  [1m[36mCategory Load (0.0ms)[0m  [1m[34mSELECT  "categories".* FROM "categories" WHERE "categories"."id" = $1 LIMIT $2[0m  [["id", 1], ["LIMIT", 1]]
  [1m[36mCACHE Category Load (0.0ms)[0m  [1m[34mSELECT  "categories".* FROM "categories" WHERE "categories"."id" = $1 LIMIT $2[0m  [["id", 1], ["LIMIT", 1]]
  Rendered products/index.html.erb within layouts/application (5.0ms)
Completed 200 OK in 73ms (Views: 55.7ms | ActiveRecord: 0.0ms)


Started GET "/products" for 127.0.0.1 at 2018-08-04 13:39:40 -0500
Processing by ProductsController#index as HTML
  Rendering products/index.html.erb within layouts/application
  [1m[36mProduct Load (1.0ms)[0m  [1m[34mSELECT "products".* FROM "products"[0m
  [1m[36mCategory Load (1.0ms)[0m  [1m[34mSELECT  "categories".* FROM "categories" WHERE "categories"."id" = $1 LIMIT $2[0m  [["id", 1], ["LIMIT", 1]]
  [1m[36mCACHE Category Load (0.0ms)[0m  [1m[34mSELECT  "categories".* FROM "categories" WHERE "categories"."id" = $1 LIMIT $2[0m  [["id", 1], ["LIMIT", 1]]
  Rendered products/index.html.erb within layouts/application (9.0ms)
Completed 200 OK in 73ms (Views: 54.6ms | ActiveRecord: 2.0ms)


Started GET "/categories" for 127.0.0.1 at 2018-08-04 13:41:25 -0500
Processing by CategoriesController#index as HTML
  Rendering categories/index.html.erb within layouts/application
  [1m[36mCategory Load (0.0ms)[0m  [1m[34mSELECT "categories".* FROM "categories"[0m
  Rendered categories/index.html.erb within layouts/application (5.0ms)
Completed 200 OK in 77ms (Views: 55.5ms | ActiveRecord: 0.0ms)


Started GET "/categories.json" for 127.0.0.1 at 2018-08-04 13:42:16 -0500
Processing by CategoriesController#index as JSON
  Rendering categories/index.json.jbuilder
  [1m[36mCategory Load (1.0ms)[0m  [1m[34mSELECT "categories".* FROM "categories"[0m
  Rendered categories/_category.json.jbuilder (3.0ms)
  Rendered categories/_category.json.jbuilder (1.0ms)
  Rendered categories/_category.json.jbuilder (1.0ms)
  Rendered categories/index.json.jbuilder (46.8ms)
Completed 200 OK in 117ms (Views: 101.6ms | ActiveRecord: 1.0ms)


Started GET "/categories.json" for 127.0.0.1 at 2018-08-04 13:44:30 -0500
Processing by CategoriesController#index as JSON
  Rendering categories/index.json.jbuilder
  [1m[36mCategory Load (0.0ms)[0m  [1m[34mSELECT "categories".* FROM "categories"[0m
  Rendered categories/_category.json.jbuilder (1.0ms)
  Rendered categories/_category.json.jbuilder (1.0ms)
  Rendered categories/_category.json.jbuilder (1.0ms)
  Rendered categories/index.json.jbuilder (24.9ms)
Completed 200 OK in 94ms (Views: 77.1ms | ActiveRecord: 0.0ms)


Started GET "/categories" for 127.0.0.1 at 2018-08-04 13:48:33 -0500
Processing by CategoriesController#index as HTML
  Rendering categories/index.html.erb within layouts/application
  [1m[36mCategory Load (0.0ms)[0m  [1m[34mSELECT "categories".* FROM "categories"[0m
  Rendered categories/index.html.erb within layouts/application (5.0ms)
Completed 200 OK in 79ms (Views: 56.1ms | ActiveRecord: 0.0ms)


Started GET "/categories/new" for 127.0.0.1 at 2018-08-04 13:48:34 -0500
Processing by CategoriesController#new as HTML
  Rendering categories/new.html.erb within layouts/application
  Rendered categories/_form.html.erb (6.0ms)
  Rendered categories/new.html.erb within layouts/application (19.9ms)
Completed 200 OK in 84ms (Views: 64.9ms | ActiveRecord: 0.0ms)


Started POST "/categories" for 127.0.0.1 at 2018-08-04 13:55:13 -0500
Processing by CategoriesController#create as */*
  Parameters: {"category"=>{"nombre"=>"Categoria desde Postman", "desc"=>"Descripción desde Postman"}}
Can't verify CSRF token authenticity.
Completed 422 Unprocessable Entity in 2ms (ActiveRecord: 0.0ms)


  
ActionController::InvalidAuthenticityToken (ActionController::InvalidAuthenticityToken):
  
actionpack (5.1.6) lib/action_controller/metal/request_forgery_protection.rb:195:in `handle_unverified_request'
actionpack (5.1.6) lib/action_controller/metal/request_forgery_protection.rb:227:in `handle_unverified_request'
actionpack (5.1.6) lib/action_controller/metal/request_forgery_protection.rb:222:in `verify_authenticity_token'
activesupport (5.1.6) lib/active_support/callbacks.rb:413:in `block in make_lambda'
activesupport (5.1.6) lib/active_support/callbacks.rb:197:in `block (2 levels) in halting'
actionpack (5.1.6) lib/abstract_controller/callbacks.rb:12:in `block (2 levels) in <module:Callbacks>'
activesupport (5.1.6) lib/active_support/callbacks.rb:198:in `block in halting'
activesupport (5.1.6) lib/active_support/callbacks.rb:507:in `block in invoke_before'
activesupport (5.1.6) lib/active_support/callbacks.rb:507:in `each'
activesupport (5.1.6) lib/active_support/callbacks.rb:507:in `invoke_before'
activesupport (5.1.6) lib/active_support/callbacks.rb:130:in `run_callbacks'
actionpack (5.1.6) lib/abstract_controller/callbacks.rb:19:in `process_action'
actionpack (5.1.6) lib/action_controller/metal/rescue.rb:20:in `process_action'
actionpack (5.1.6) lib/action_controller/metal/instrumentation.rb:32:in `block in process_action'
activesupport (5.1.6) lib/active_support/notifications.rb:166:in `block in instrument'
activesupport (5.1.6) lib/active_support/notifications/instrumenter.rb:21:in `instrument'
activesupport (5.1.6) lib/active_support/notifications.rb:166:in `instrument'
actionpack (5.1.6) lib/action_controller/metal/instrumentation.rb:30:in `process_action'
actionpack (5.1.6) lib/action_controller/metal/params_wrapper.rb:252:in `process_action'
activerecord (5.1.6) lib/active_record/railties/controller_runtime.rb:22:in `process_action'
actionpack (5.1.6) lib/abstract_controller/base.rb:124:in `process'
actionview (5.1.6) lib/action_view/rendering.rb:30:in `process'
actionpack (5.1.6) lib/action_controller/metal.rb:189:in `dispatch'
actionpack (5.1.6) lib/action_controller/metal.rb:253:in `dispatch'
actionpack (5.1.6) lib/action_dispatch/routing/route_set.rb:49:in `dispatch'
actionpack (5.1.6) lib/action_dispatch/routing/route_set.rb:31:in `serve'
actionpack (5.1.6) lib/action_dispatch/journey/router.rb:50:in `block in serve'
actionpack (5.1.6) lib/action_dispatch/journey/router.rb:33:in `each'
actionpack (5.1.6) lib/action_dispatch/journey/router.rb:33:in `serve'
actionpack (5.1.6) lib/action_dispatch/routing/route_set.rb:844:in `call'
rack (2.0.5) lib/rack/etag.rb:25:in `call'
rack (2.0.5) lib/rack/conditional_get.rb:38:in `call'
rack (2.0.5) lib/rack/head.rb:12:in `call'
rack (2.0.5) lib/rack/session/abstract/id.rb:232:in `context'
rack (2.0.5) lib/rack/session/abstract/id.rb:226:in `call'
actionpack (5.1.6) lib/action_dispatch/middleware/cookies.rb:613:in `call'
activerecord (5.1.6) lib/active_record/migration.rb:556:in `call'
actionpack (5.1.6) lib/action_dispatch/middleware/callbacks.rb:26:in `block in call'
activesupport (5.1.6) lib/active_support/callbacks.rb:97:in `run_callbacks'
actionpack (5.1.6) lib/action_dispatch/middleware/callbacks.rb:24:in `call'
actionpack (5.1.6) lib/action_dispatch/middleware/executor.rb:12:in `call'
actionpack (5.1.6) lib/action_dispatch/middleware/debug_exceptions.rb:59:in `call'
web-console (3.6.2) lib/web_console/middleware.rb:135:in `call_app'
web-console (3.6.2) lib/web_console/middleware.rb:30:in `block in call'
web-console (3.6.2) lib/web_console/middleware.rb:20:in `catch'
web-console (3.6.2) lib/web_console/middleware.rb:20:in `call'
actionpack (5.1.6) lib/action_dispatch/middleware/show_exceptions.rb:31:in `call'
railties (5.1.6) lib/rails/rack/logger.rb:36:in `call_app'
railties (5.1.6) lib/rails/rack/logger.rb:24:in `block in call'
activesupport (5.1.6) lib/active_support/tagged_logging.rb:69:in `block in tagged'
activesupport (5.1.6) lib/active_support/tagged_logging.rb:26:in `tagged'
activesupport (5.1.6) lib/active_support/tagged_logging.rb:69:in `tagged'
railties (5.1.6) lib/rails/rack/logger.rb:24:in `call'
sprockets-rails (3.2.1) lib/sprockets/rails/quiet_assets.rb:13:in `call'
actionpack (5.1.6) lib/action_dispatch/middleware/remote_ip.rb:79:in `call'
actionpack (5.1.6) lib/action_dispatch/middleware/request_id.rb:25:in `call'
rack (2.0.5) lib/rack/method_override.rb:22:in `call'
rack (2.0.5) lib/rack/runtime.rb:22:in `call'
activesupport (5.1.6) lib/active_support/cache/strategy/local_cache_middleware.rb:27:in `call'
actionpack (5.1.6) lib/action_dispatch/middleware/executor.rb:12:in `call'
actionpack (5.1.6) lib/action_dispatch/middleware/static.rb:125:in `call'
rack (2.0.5) lib/rack/sendfile.rb:111:in `call'
railties (5.1.6) lib/rails/engine.rb:522:in `call'
puma (3.12.0) lib/puma/configuration.rb:225:in `call'
puma (3.12.0) lib/puma/server.rb:658:in `handle_request'
puma (3.12.0) lib/puma/server.rb:472:in `process_client'
puma (3.12.0) lib/puma/server.rb:332:in `block in run'
puma (3.12.0) lib/puma/thread_pool.rb:133:in `block in spawn_thread'
Started POST "/categories" for 127.0.0.1 at 2018-08-04 13:58:28 -0500
Processing by CategoriesController#create as */*
  Parameters: {"category"=>{"nombre"=>"Categoria desde Postman", "desc"=>"Descripción desde Postman"}, "authenticity_token"=>"PXg9ky7oTXJul1WcLh12/FWg3cLwhAJpVcaT7mXv55rx2wcDXV1WCXBGkfMNpovpt5+rP4Y3jwT4sQT7osGrhQ=="}
Can't verify CSRF token authenticity.
Completed 422 Unprocessable Entity in 1ms (ActiveRecord: 0.0ms)


  
ActionController::InvalidAuthenticityToken (ActionController::InvalidAuthenticityToken):
  
actionpack (5.1.6) lib/action_controller/metal/request_forgery_protection.rb:195:in `handle_unverified_request'
actionpack (5.1.6) lib/action_controller/metal/request_forgery_protection.rb:227:in `handle_unverified_request'
actionpack (5.1.6) lib/action_controller/metal/request_forgery_protection.rb:222:in `verify_authenticity_token'
activesupport (5.1.6) lib/active_support/callbacks.rb:413:in `block in make_lambda'
activesupport (5.1.6) lib/active_support/callbacks.rb:197:in `block (2 levels) in halting'
actionpack (5.1.6) lib/abstract_controller/callbacks.rb:12:in `block (2 levels) in <module:Callbacks>'
activesupport (5.1.6) lib/active_support/callbacks.rb:198:in `block in halting'
activesupport (5.1.6) lib/active_support/callbacks.rb:507:in `block in invoke_before'
activesupport (5.1.6) lib/active_support/callbacks.rb:507:in `each'
activesupport (5.1.6) lib/active_support/callbacks.rb:507:in `invoke_before'
activesupport (5.1.6) lib/active_support/callbacks.rb:130:in `run_callbacks'
actionpack (5.1.6) lib/abstract_controller/callbacks.rb:19:in `process_action'
actionpack (5.1.6) lib/action_controller/metal/rescue.rb:20:in `process_action'
actionpack (5.1.6) lib/action_controller/metal/instrumentation.rb:32:in `block in process_action'
activesupport (5.1.6) lib/active_support/notifications.rb:166:in `block in instrument'
activesupport (5.1.6) lib/active_support/notifications/instrumenter.rb:21:in `instrument'
activesupport (5.1.6) lib/active_support/notifications.rb:166:in `instrument'
actionpack (5.1.6) lib/action_controller/metal/instrumentation.rb:30:in `process_action'
actionpack (5.1.6) lib/action_controller/metal/params_wrapper.rb:252:in `process_action'
activerecord (5.1.6) lib/active_record/railties/controller_runtime.rb:22:in `process_action'
actionpack (5.1.6) lib/abstract_controller/base.rb:124:in `process'
actionview (5.1.6) lib/action_view/rendering.rb:30:in `process'
actionpack (5.1.6) lib/action_controller/metal.rb:189:in `dispatch'
actionpack (5.1.6) lib/action_controller/metal.rb:253:in `dispatch'
actionpack (5.1.6) lib/action_dispatch/routing/route_set.rb:49:in `dispatch'
actionpack (5.1.6) lib/action_dispatch/routing/route_set.rb:31:in `serve'
actionpack (5.1.6) lib/action_dispatch/journey/router.rb:50:in `block in serve'
actionpack (5.1.6) lib/action_dispatch/journey/router.rb:33:in `each'
actionpack (5.1.6) lib/action_dispatch/journey/router.rb:33:in `serve'
actionpack (5.1.6) lib/action_dispatch/routing/route_set.rb:844:in `call'
rack (2.0.5) lib/rack/etag.rb:25:in `call'
rack (2.0.5) lib/rack/conditional_get.rb:38:in `call'
rack (2.0.5) lib/rack/head.rb:12:in `call'
rack (2.0.5) lib/rack/session/abstract/id.rb:232:in `context'
rack (2.0.5) lib/rack/session/abstract/id.rb:226:in `call'
actionpack (5.1.6) lib/action_dispatch/middleware/cookies.rb:613:in `call'
activerecord (5.1.6) lib/active_record/migration.rb:556:in `call'
actionpack (5.1.6) lib/action_dispatch/middleware/callbacks.rb:26:in `block in call'
activesupport (5.1.6) lib/active_support/callbacks.rb:97:in `run_callbacks'
actionpack (5.1.6) lib/action_dispatch/middleware/callbacks.rb:24:in `call'
actionpack (5.1.6) lib/action_dispatch/middleware/executor.rb:12:in `call'
actionpack (5.1.6) lib/action_dispatch/middleware/debug_exceptions.rb:59:in `call'
web-console (3.6.2) lib/web_console/middleware.rb:135:in `call_app'
web-console (3.6.2) lib/web_console/middleware.rb:30:in `block in call'
web-console (3.6.2) lib/web_console/middleware.rb:20:in `catch'
web-console (3.6.2) lib/web_console/middleware.rb:20:in `call'
actionpack (5.1.6) lib/action_dispatch/middleware/show_exceptions.rb:31:in `call'
railties (5.1.6) lib/rails/rack/logger.rb:36:in `call_app'
railties (5.1.6) lib/rails/rack/logger.rb:24:in `block in call'
activesupport (5.1.6) lib/active_support/tagged_logging.rb:69:in `block in tagged'
activesupport (5.1.6) lib/active_support/tagged_logging.rb:26:in `tagged'
activesupport (5.1.6) lib/active_support/tagged_logging.rb:69:in `tagged'
railties (5.1.6) lib/rails/rack/logger.rb:24:in `call'
sprockets-rails (3.2.1) lib/sprockets/rails/quiet_assets.rb:13:in `call'
actionpack (5.1.6) lib/action_dispatch/middleware/remote_ip.rb:79:in `call'
actionpack (5.1.6) lib/action_dispatch/middleware/request_id.rb:25:in `call'
rack (2.0.5) lib/rack/method_override.rb:22:in `call'
rack (2.0.5) lib/rack/runtime.rb:22:in `call'
activesupport (5.1.6) lib/active_support/cache/strategy/local_cache_middleware.rb:27:in `call'
actionpack (5.1.6) lib/action_dispatch/middleware/executor.rb:12:in `call'
actionpack (5.1.6) lib/action_dispatch/middleware/static.rb:125:in `call'
rack (2.0.5) lib/rack/sendfile.rb:111:in `call'
railties (5.1.6) lib/rails/engine.rb:522:in `call'
puma (3.12.0) lib/puma/configuration.rb:225:in `call'
puma (3.12.0) lib/puma/server.rb:658:in `handle_request'
puma (3.12.0) lib/puma/server.rb:472:in `process_client'
puma (3.12.0) lib/puma/server.rb:332:in `block in run'
puma (3.12.0) lib/puma/thread_pool.rb:133:in `block in spawn_thread'
Started POST "/categories" for 127.0.0.1 at 2018-08-04 14:00:34 -0500
Processing by CategoriesController#create as */*
  Parameters: {"category"=>{"nombre"=>"Categoria desde Postman", "desc"=>"Descripción desde Postman"}}
Can't verify CSRF token authenticity.
  [1m[35m (1.0ms)[0m  [1m[35mBEGIN[0m
  [1m[35mSQL (1.0ms)[0m  [1m[32mINSERT INTO "categories" ("nombre", "desc", "created_at", "updated_at") VALUES ($1, $2, $3, $4) RETURNING "id"[0m  [["nombre", "Categoria desde Postman"], ["desc", "Descripción desde Postman"], ["created_at", "2018-08-04 19:00:34.538579"], ["updated_at", "2018-08-04 19:00:34.538579"]]
  [1m[35m (1.0ms)[0m  [1m[35mCOMMIT[0m
Redirected to http://localhost:3000/categories/4
Completed 302 Found in 22ms (ActiveRecord: 3.0ms)


Started GET "/categories/4" for 127.0.0.1 at 2018-08-04 14:00:34 -0500
Processing by CategoriesController#show as */*
  Parameters: {"id"=>"4"}
  [1m[36mCategory Load (1.0ms)[0m  [1m[34mSELECT  "categories".* FROM "categories" WHERE "categories"."id" = $1 LIMIT $2[0m  [["id", 4], ["LIMIT", 1]]
  Rendering categories/show.html.erb within layouts/application
  Rendered categories/show.html.erb within layouts/application (4.0ms)
Completed 200 OK in 347ms (Views: 186.7ms | ActiveRecord: 1.0ms)


Started GET "/categories.json" for 127.0.0.1 at 2018-08-04 14:00:52 -0500
Processing by CategoriesController#index as JSON
  Rendering categories/index.json.jbuilder
  [1m[36mCategory Load (4.0ms)[0m  [1m[34mSELECT "categories".* FROM "categories"[0m
  Rendered categories/_category.json.jbuilder (0.0ms)
  Rendered categories/_category.json.jbuilder (0.0ms)
  Rendered categories/_category.json.jbuilder (0.0ms)
  Rendered categories/_category.json.jbuilder (0.0ms)
  Rendered categories/index.json.jbuilder (20.0ms)
Completed 200 OK in 84ms (Views: 65.9ms | ActiveRecord: 4.0ms)


Started GET "/categories" for 127.0.0.1 at 2018-08-04 14:01:35 -0500
Processing by CategoriesController#index as HTML
  Rendering categories/index.html.erb within layouts/application
  [1m[36mCategory Load (0.3ms)[0m  [1m[34mSELECT "categories".* FROM "categories"[0m
  Rendered categories/index.html.erb within layouts/application (4.5ms)
Completed 200 OK in 62ms (Views: 46.4ms | ActiveRecord: 0.3ms)


Started GET "/categories.json" for 127.0.0.1 at 2018-08-04 14:01:45 -0500
Processing by CategoriesController#index as JSON
  Rendering categories/index.json.jbuilder
  [1m[36mCategory Load (0.0ms)[0m  [1m[34mSELECT "categories".* FROM "categories"[0m
  Rendered categories/_category.json.jbuilder (1.0ms)
  Rendered categories/_category.json.jbuilder (0.0ms)
  Rendered categories/_category.json.jbuilder (1.0ms)
  Rendered categories/_category.json.jbuilder (1.0ms)
  Rendered categories/index.json.jbuilder (24.9ms)
Completed 200 OK in 99ms (Views: 80.3ms | ActiveRecord: 0.0ms)


Started GET "/categories" for 127.0.0.1 at 2018-08-04 14:05:42 -0500
Processing by CategoriesController#index as HTML
  Rendering categories/index.html.erb within layouts/application
  [1m[36mCategory Load (0.0ms)[0m  [1m[34mSELECT "categories".* FROM "categories"[0m
  Rendered categories/index.html.erb within layouts/application (5.0ms)
Completed 200 OK in 60ms (Views: 44.2ms | ActiveRecord: 0.0ms)


Started GET "/categories/1/edit" for 127.0.0.1 at 2018-08-04 14:05:47 -0500
Processing by CategoriesController#edit as HTML
  Parameters: {"id"=>"1"}
  [1m[36mCategory Load (0.0ms)[0m  [1m[34mSELECT  "categories".* FROM "categories" WHERE "categories"."id" = $1 LIMIT $2[0m  [["id", 1], ["LIMIT", 1]]
  Rendering categories/edit.html.erb within layouts/application
  Rendered categories/_form.html.erb (3.0ms)
  Rendered categories/edit.html.erb within layouts/application (17.0ms)
Completed 200 OK in 75ms (Views: 56.7ms | ActiveRecord: 0.0ms)


Started PUT "/categories/1" for 127.0.0.1 at 2018-08-04 14:08:05 -0500
Processing by CategoriesController#update as */*
  Parameters: {"category_nombre"=>"Prueba editada desde Postman", "category_desc"=>"Descripcion modificada desde Postman", "id"=>"1"}
Can't verify CSRF token authenticity.
  [1m[36mCategory Load (0.0ms)[0m  [1m[34mSELECT  "categories".* FROM "categories" WHERE "categories"."id" = $1 LIMIT $2[0m  [["id", 1], ["LIMIT", 1]]
Completed 400 Bad Request in 4ms (ActiveRecord: 0.0ms)


  
ActionController::ParameterMissing (param is missing or the value is empty: category):
  
app/controllers/categories_controller.rb:72:in `category_params'
app/controllers/categories_controller.rb:44:in `block in update'
app/controllers/categories_controller.rb:43:in `update'
Started PUT "/categories/1" for 127.0.0.1 at 2018-08-04 14:10:12 -0500
Processing by CategoriesController#update as */*
  Parameters: {"category"=>{"nombre"=>"Prueba editada desde Postman", "desc"=>"Descripcion modificada desde Postman"}, "id"=>"1"}
Can't verify CSRF token authenticity.
  [1m[36mCategory Load (4.0ms)[0m  [1m[34mSELECT  "categories".* FROM "categories" WHERE "categories"."id" = $1 LIMIT $2[0m  [["id", 1], ["LIMIT", 1]]
  [1m[35m (0.0ms)[0m  [1m[35mBEGIN[0m
  [1m[35mSQL (0.0ms)[0m  [1m[33mUPDATE "categories" SET "nombre" = $1, "desc" = $2, "updated_at" = $3 WHERE "categories"."id" = $4[0m  [["nombre", "Prueba editada desde Postman"], ["desc", "Descripcion modificada desde Postman"], ["updated_at", "2018-08-04 19:10:12.717741"], ["id", 1]]
  [1m[35m (1.0ms)[0m  [1m[35mCOMMIT[0m
Redirected to http://localhost:3000/categories/1
Completed 302 Found in 12ms (ActiveRecord: 5.0ms)


Started GET "/categories/1" for 127.0.0.1 at 2018-08-04 14:10:12 -0500
Processing by CategoriesController#show as */*
  Parameters: {"id"=>"1"}
  [1m[36mCategory Load (0.0ms)[0m  [1m[34mSELECT  "categories".* FROM "categories" WHERE "categories"."id" = $1 LIMIT $2[0m  [["id", 1], ["LIMIT", 1]]
  Rendering categories/show.html.erb within layouts/application
  Rendered categories/show.html.erb within layouts/application (4.0ms)
Completed 200 OK in 351ms (Views: 190.8ms | ActiveRecord: 0.0ms)


Started GET "/categories" for 127.0.0.1 at 2018-08-04 14:10:24 -0500
Processing by CategoriesController#index as HTML
  Rendering categories/index.html.erb within layouts/application
  [1m[36mCategory Load (0.0ms)[0m  [1m[34mSELECT "categories".* FROM "categories"[0m
  Rendered categories/index.html.erb within layouts/application (5.0ms)
Completed 200 OK in 60ms (Views: 43.6ms | ActiveRecord: 0.0ms)


Started GET "/categories.json" for 127.0.0.1 at 2018-08-04 14:11:49 -0500
Processing by CategoriesController#index as JSON
  Rendering categories/index.json.jbuilder
  [1m[36mCategory Load (1.0ms)[0m  [1m[34mSELECT "categories".* FROM "categories"[0m
  Rendered categories/_category.json.jbuilder (1.0ms)
  Rendered categories/_category.json.jbuilder (0.0ms)
  Rendered categories/_category.json.jbuilder (0.0ms)
  Rendered categories/_category.json.jbuilder (0.0ms)
  Rendered categories/index.json.jbuilder (21.1ms)
Completed 200 OK in 89ms (Views: 72.6ms | ActiveRecord: 1.0ms)


Started DELETE "/categories/2" for 127.0.0.1 at 2018-08-04 14:12:56 -0500
Processing by CategoriesController#destroy as */*
  Parameters: {"id"=>"2"}
Can't verify CSRF token authenticity.
  [1m[36mCategory Load (0.0ms)[0m  [1m[34mSELECT  "categories".* FROM "categories" WHERE "categories"."id" = $1 LIMIT $2[0m  [["id", 2], ["LIMIT", 1]]
  [1m[35m (0.0ms)[0m  [1m[35mBEGIN[0m
  [1m[35mSQL (1.0ms)[0m  [1m[31mDELETE FROM "categories" WHERE "categories"."id" = $1[0m  [["id", 2]]
  [1m[35m (1.0ms)[0m  [1m[35mCOMMIT[0m
Redirected to http://localhost:3000/categories
Completed 302 Found in 8ms (ActiveRecord: 2.0ms)


Started GET "/categories" for 127.0.0.1 at 2018-08-04 14:12:56 -0500
Processing by CategoriesController#index as */*
  Rendering categories/index.html.erb within layouts/application
  [1m[36mCategory Load (0.0ms)[0m  [1m[34mSELECT "categories".* FROM "categories"[0m
  Rendered categories/index.html.erb within layouts/application (4.0ms)
Completed 200 OK in 371ms (Views: 209.6ms | ActiveRecord: 0.0ms)


Started GET "/categories.json" for 127.0.0.1 at 2018-08-04 14:14:43 -0500
Processing by CategoriesController#index as JSON
  Rendering categories/index.json.jbuilder
  [1m[36mCategory Load (0.0ms)[0m  [1m[34mSELECT "categories".* FROM "categories"[0m
  Rendered categories/_category.json.jbuilder (1.0ms)
  Rendered categories/_category.json.jbuilder (0.0ms)
  Rendered categories/_category.json.jbuilder (1.0ms)
  Rendered categories/index.json.jbuilder (20.0ms)
Completed 200 OK in 88ms (Views: 74.5ms | ActiveRecord: 0.0ms)


Started GET "/categories/new" for 127.0.0.1 at 2018-08-04 15:42:35 -0500
Processing by CategoriesController#new as HTML
  Rendering categories/new.html.erb within layouts/application
  Rendered categories/_form.html.erb (4.0ms)
  Rendered categories/new.html.erb within layouts/application (19.0ms)
Completed 200 OK in 82ms (Views: 65.6ms | ActiveRecord: 0.0ms)


Started GET "/categories/new" for 127.0.0.1 at 2018-08-04 16:07:05 -0500
Processing by CategoriesController#new as HTML
  Rendering categories/new.html.erb within layouts/application
  Rendered categories/_form.html.erb (4.0ms)
  Rendered categories/new.html.erb within layouts/application (20.0ms)
Completed 500 Internal Server Error in 2050ms (ActiveRecord: 0.0ms)


  
ActionView::Template::Error (TypeError: El objeto no acepta esta propiedad o método):
    4:     <title>Catalogo</title>
    5:     <%= csrf_meta_tags %>
    6: 
    7:     <%= stylesheet_link_tag 'application', media: 'all', 'data-turbolinks-track': 'reload' %>
    8:     <%= javascrip_incluide_tag 'application', 'data-turbolinks-track': 'reload' %>
    9: </head>
   10: 
  
app/views/layouts/application.html.erb:7:in `_app_views_layouts_application_html_erb__389097603_44916864'
Started GET "/categories/new" for 127.0.0.1 at 2018-08-04 16:09:21 -0500
Processing by CategoriesController#new as HTML
  Rendering categories/new.html.erb within layouts/application
  Rendered categories/_form.html.erb (2.0ms)
  Rendered categories/new.html.erb within layouts/application (19.0ms)
Completed 500 Internal Server Error in 976ms (ActiveRecord: 0.0ms)


  
ActionView::Template::Error (TypeError: El objeto no acepta esta propiedad o método):
    4:     <title>Catalogo</title>
    5:     <%= csrf_meta_tags %>
    6: 
    7:     <%= stylesheet_link_tag    'application', media: 'all', 'data-turbolinks-track': 'reload' %>
    8:     <%= javascript_include_tag 'application', 'data-turbolinks-track': 'reload' %>
    9: </head>
   10: 
  
app/views/layouts/application.html.erb:7:in `_app_views_layouts_application_html_erb__389097603_82500480'
Started GET "/categories/new" for 127.0.0.1 at 2018-08-04 16:09:52 -0500
Processing by CategoriesController#new as HTML
  Rendering categories/new.html.erb within layouts/application
  Rendered categories/_form.html.erb (2.0ms)
  Rendered categories/new.html.erb within layouts/application (17.9ms)
Completed 200 OK in 163ms (Views: 147.5ms | ActiveRecord: 0.0ms)


Started GET "/categories" for 127.0.0.1 at 2018-08-04 16:09:57 -0500
Processing by CategoriesController#index as HTML
  Rendering categories/index.html.erb within layouts/application
  [1m[36mCategory Load (1.0ms)[0m  [1m[34mSELECT "categories".* FROM "categories"[0m
  Rendered categories/index.html.erb within layouts/application (9.0ms)
Completed 200 OK in 90ms (Views: 74.3ms | ActiveRecord: 1.0ms)


Started GET "/categories/3/edit" for 127.0.0.1 at 2018-08-04 16:10:43 -0500
Processing by CategoriesController#edit as HTML
  Parameters: {"id"=>"3"}
  [1m[36mCategory Load (0.0ms)[0m  [1m[34mSELECT  "categories".* FROM "categories" WHERE "categories"."id" = $1 LIMIT $2[0m  [["id", 3], ["LIMIT", 1]]
  Rendering categories/edit.html.erb within layouts/application
  Rendered categories/_form.html.erb (3.0ms)
  Rendered categories/edit.html.erb within layouts/application (18.0ms)
Completed 200 OK in 107ms (Views: 88.9ms | ActiveRecord: 0.0ms)


Started GET "/categories" for 127.0.0.1 at 2018-08-04 16:10:46 -0500
Processing by CategoriesController#index as HTML
  Rendering categories/index.html.erb within layouts/application
  [1m[36mCategory Load (0.0ms)[0m  [1m[34mSELECT "categories".* FROM "categories"[0m
  Rendered categories/index.html.erb within layouts/application (4.6ms)
Completed 200 OK in 84ms (Views: 69.5ms | ActiveRecord: 0.0ms)


  [1m[35m (0.0ms)[0m  [1m[34mSELECT pg_try_advisory_lock(5802538080639457185)[0m
  [1m[35m (31.1ms)[0m  [1m[34mSELECT "schema_migrations"."version" FROM "schema_migrations" ORDER BY "schema_migrations"."version" ASC[0m
Migrating to DeviseCreateUsers (20180811141646)
  [1m[35m (0.0ms)[0m  [1m[35mBEGIN[0m
  [1m[35m (254.2ms)[0m  [1m[35mCREATE TABLE "users" ("id" bigserial primary key, "email" character varying DEFAULT '' NOT NULL, "encrypted_password" character varying DEFAULT '' NOT NULL, "reset_password_token" character varying, "reset_password_sent_at" timestamp, "remember_created_at" timestamp, "sign_in_count" integer DEFAULT 0 NOT NULL, "current_sign_in_at" timestamp, "last_sign_in_at" timestamp, "current_sign_in_ip" inet, "last_sign_in_ip" inet, "created_at" timestamp NOT NULL, "updated_at" timestamp NOT NULL)[0m
  [1m[35m (26.6ms)[0m  [1m[35mCREATE UNIQUE INDEX  "index_users_on_email" ON "users"  ("email")[0m
  [1m[35m (21.0ms)[0m  [1m[35mCREATE UNIQUE INDEX  "index_users_on_reset_password_token" ON "users"  ("reset_password_token")[0m
  [1m[35mSQL (1.0ms)[0m  [1m[32mINSERT INTO "schema_migrations" ("version") VALUES ($1) RETURNING "version"[0m  [["version", "20180811141646"]]
  [1m[35m (1.0ms)[0m  [1m[35mCOMMIT[0m
  [1m[36mActiveRecord::InternalMetadata Load (30.3ms)[0m  [1m[34mSELECT  "ar_internal_metadata".* FROM "ar_internal_metadata" WHERE "ar_internal_metadata"."key" = $1 LIMIT $2[0m  [["key", "environment"], ["LIMIT", 1]]
  [1m[35m (0.6ms)[0m  [1m[35mBEGIN[0m
  [1m[35m (0.0ms)[0m  [1m[35mCOMMIT[0m
  [1m[35m (0.0ms)[0m  [1m[34mSELECT pg_advisory_unlock(5802538080639457185)[0m
  [1m[35m (0.0ms)[0m  [1m[34mSELECT "schema_migrations"."version" FROM "schema_migrations" ORDER BY "schema_migrations"."version" ASC[0m
Started GET "/users/sign_up" for 127.0.0.1 at 2018-08-11 09:21:51 -0500
  [1m[35m (1.0ms)[0m  [1m[34mSELECT "schema_migrations"."version" FROM "schema_migrations" ORDER BY "schema_migrations"."version" ASC[0m
Processing by Devise::RegistrationsController#new as HTML
  Rendering devise/registrations/new.html.erb within layouts/application
  Rendered devise/shared/_links.html.erb (2.0ms)
  Rendered devise/registrations/new.html.erb within layouts/application (80.2ms)
Completed 500 Internal Server Error in 213ms (ActiveRecord: 4.9ms)


  
SyntaxError (C:/Users/sala402/catalogo/app/views/layouts/application.html.erb:16: syntax error, unexpected '='
...append='    '.freeze; if class= "alert alert-danger"><%= ale...
...                               ^
C:/Users/sala402/catalogo/app/views/layouts/application.html.erb:16: syntax error, unexpected '<'
...f class= "alert alert-danger"><%= alert ;@output_buffer.safe...
...                               ^):
  
app/views/layouts/application.html.erb:16: syntax error, unexpected '='
app/views/layouts/application.html.erb:16: syntax error, unexpected '<'
Started GET "/users/sign_up" for 127.0.0.1 at 2018-08-11 09:23:10 -0500
Processing by Devise::RegistrationsController#new as HTML
  Rendering devise/registrations/new.html.erb within layouts/application
  Rendered devise/shared/_links.html.erb (1.0ms)
  Rendered devise/registrations/new.html.erb within layouts/application (18.0ms)
Completed 200 OK in 392ms (Views: 390.3ms | ActiveRecord: 0.0ms)


Started POST "/users" for 127.0.0.1 at 2018-08-11 09:25:17 -0500
Processing by Devise::RegistrationsController#create as HTML
  Parameters: {"utf8"=>"✓", "authenticity_token"=>"/dgMM0IMqidPzhOQYr+89YFPREsNjzoWLIY03D7G/6EgdCagoltjyK9nHdScCNCvrR+GSEAQ+xdzYE4wEROe3w==", "user"=>{"email"=>"aarojasd@gmail.com", "password"=>"[FILTERED]", "password_confirmation"=>"[FILTERED]"}, "commit"=>"Sign up"}
  [1m[35m (0.0ms)[0m  [1m[35mBEGIN[0m
  [1m[36mUser Exists (1.0ms)[0m  [1m[34mSELECT  1 AS one FROM "users" WHERE "users"."email" = $1 LIMIT $2[0m  [["email", "aarojasd@gmail.com"], ["LIMIT", 1]]
  [1m[35mSQL (2.0ms)[0m  [1m[32mINSERT INTO "users" ("email", "encrypted_password", "created_at", "updated_at") VALUES ($1, $2, $3, $4) RETURNING "id"[0m  [["email", "aarojasd@gmail.com"], ["encrypted_password", "$2a$11$4G0xmCLUhOB4Xh2MZc6AfekU7EjNxckdeLC/sZWMIXzYmrbNjuA22"], ["created_at", "2018-08-11 14:25:17.502743"], ["updated_at", "2018-08-11 14:25:17.502743"]]
  [1m[35m (1.0ms)[0m  [1m[35mCOMMIT[0m
  [1m[35m (0.0ms)[0m  [1m[35mBEGIN[0m
  [1m[35mSQL (0.0ms)[0m  [1m[33mUPDATE "users" SET "sign_in_count" = $1, "current_sign_in_at" = $2, "last_sign_in_at" = $3, "current_sign_in_ip" = $4, "last_sign_in_ip" = $5, "updated_at" = $6 WHERE "users"."id" = $7[0m  [["sign_in_count", 1], ["current_sign_in_at", "2018-08-11 14:25:17.508709"], ["last_sign_in_at", "2018-08-11 14:25:17.508709"], ["current_sign_in_ip", "127.0.0.1/32"], ["last_sign_in_ip", "127.0.0.1/32"], ["updated_at", "2018-08-11 14:25:17.510703"], ["id", 1]]
  [1m[35m (0.0ms)[0m  [1m[35mCOMMIT[0m
Redirected to http://localhost:3000/
Completed 302 Found in 285ms (ActiveRecord: 4.0ms)


Started GET "/" for 127.0.0.1 at 2018-08-11 09:25:17 -0500
Processing by Rails::WelcomeController#index as HTML
  Rendering C:/RailsInstaller/Ruby2.3.3/lib/ruby/gems/2.3.0/gems/railties-5.1.6/lib/rails/templates/rails/welcome/index.html.erb
  Rendered C:/RailsInstaller/Ruby2.3.3/lib/ruby/gems/2.3.0/gems/railties-5.1.6/lib/rails/templates/rails/welcome/index.html.erb (2.0ms)
Completed 200 OK in 67ms (Views: 27.0ms | ActiveRecord: 0.0ms)


Started GET "/categories" for 127.0.0.1 at 2018-08-11 09:27:56 -0500
Processing by CategoriesController#index as HTML
  Rendering categories/index.html.erb within layouts/application
  [1m[36mCategory Load (22.1ms)[0m  [1m[34mSELECT "categories".* FROM "categories"[0m
  Rendered categories/index.html.erb within layouts/application (37.0ms)
Completed 200 OK in 145ms (Views: 98.6ms | ActiveRecord: 27.1ms)


